C51 COMPILER V9.01   CHAOSHEN                                                              08/21/2013 19:47:15 PAGE 1   


C51 COMPILER V9.01, COMPILATION OF MODULE CHAOSHEN
OBJECT MODULE PLACED IN chaoshen.OBJ
COMPILER INVOKED BY: C:\Keil\C51\BIN\C51.EXE chaoshen.c BROWSE DEBUG OBJECTEXTEND

line level    source

   1          /*********************************************************************************************************
             -**/
   2          //hc-sr04 超声波测距模块 DEMO 程序
   3          //晶振：11。0592
   4          //程序    QQ： 517535000
   5          //taobao店铺：http://shop58246706.taobao.com
   6          //接线：模块TRIG/TX接 P2.7     ECH0/RX 接P2.6
   7          //数码管：共阳数码管P1接数据口,P2.5 P2.4 P2.3接选通数码管
   8          /*********************************************************************************************************
             -**/            
   9          #include <reg52.H>              //器件配置文件
  10          #include <intrins.h>
  11                                   
  12          unsigned int  i=0,J=0,K=0,time=0;
  13          unsigned int  timer=0;
  14          unsigned char posit=0;
  15          unsigned long S=0;
  16          bit      flag =0;
  17          sbit  RX  =P2^6;
  18          sbit  TX  =P2^7;
  19          sbit  ena  =P3^0;
  20          sbit  enb  =P3^2;
  21          sbit p2_0 = P2^0;
  22          sbit p2_1 = P2^1;
  23          sbit p2_2 = P2^2;
  24          sbit p2_3 = P2^3;
  25          
  26          
  27          
  28          unsigned char code table[]={0xc0,0xf9,0xa4,0xb0,0x99,0x92,0x82,
  29                                  0xf8,0x80,0x90};
  30          
  31          
  32          
  33          
  34          
  35          void Delay(unsigned int s)
  36          {
  37   1              unsigned int i;
  38   1              for(i=0; i<s; i++);
  39   1      
  40   1      }
  41          
  42          /********************************************************/
  43                                   //扫描数码管
  44          
  45           void Display(unsigned long x)
  46          {
  47   1        
  48   1      p2_0=0;p2_1=1;p2_2=1;p2_3=1;
  49   1      P0 =table[x/100%10];
  50   1      Delay(5);
  51   1      
  52   1      
  53   1      p2_0=1;p2_1=0;p2_2=1;p2_3=1;
C51 COMPILER V9.01   CHAOSHEN                                                              08/21/2013 19:47:15 PAGE 2   

  54   1      P0 =table[x/10%10];
  55   1      Delay(5);
  56   1      
  57   1      p2_0=1;p2_1=1;p2_2=0;p2_3=1;
  58   1      P0 =table[x%10];
  59   1      Delay(5);
  60   1      
  61   1      p2_0=1;p2_1=1;p2_2=1;p2_3=0;
  62   1      P0 =table[x/1000%10];
  63   1      Delay(5);
  64   1      
  65   1      p2_3=1;
  66   1      Delay(2);
  67   1      }
  68                          //关闭个位数码管
  69                  
  70          
  71          /********************************************************/
  72              void Conut(void)
  73                  {
  74   1               time=TH0*256+TL0;
  75   1               TH0=0;
  76   1               TL0=0;
  77   1              
  78   1               S=(time*1.7)/100;     //算出来是CM
  79   1               if((S>=400)||flag==1) //超出测量范围显示“-”
  80   1               {       
  81   2                flag=0;
  82   2                S=500;
  83   2               }
  84   1               }
  85          /********************************************************/
  86               void zd0() interrupt 1              //T0中断用来计数器溢出,超过测距范围
  87            {
  88   1         // TH0=0;
  89   1         // TL0=0;
  90   1          flag=1;                                                      //中断溢出标志
  91   1        }
  92          /********************************************************/
  93             void  zd3()  interrupt 3              //T1中断用来扫描数码管和计800MS启动模块
  94            {
  95   1               TH1=0x75;
  96   1               TL1=0x30;
  97   1               Display(S);
  98   1               timer++;
  99   1               if(timer>=10)
 100   1               {
 101   2                timer=0;
 102   2                TX=1;                                 //800MS  启动一次模块
 103   2       
 104   2                _nop_(); 
 105   2                _nop_(); 
 106   2                _nop_(); 
 107   2                _nop_(); 
 108   2                _nop_(); 
 109   2                _nop_(); 
 110   2                _nop_(); 
 111   2                _nop_(); 
 112   2                _nop_(); 
 113   2                _nop_();
 114   2                _nop_(); 
 115   2                _nop_(); 
C51 COMPILER V9.01   CHAOSHEN                                                              08/21/2013 19:47:15 PAGE 3   

 116   2                _nop_(); 
 117   2                _nop_();
 118   2      
 119   2                TX=0;
 120   2               } 
 121   1        }
 122          /*********************************************************/
 123          
 124                  void  main(  void  )
 125          
 126            {  
 127   1          TMOD=0x11;             //设T0为方式1，GATE=1；
 128   1              TH0=0;
 129   1              TL0=0;          
 130   1              TH1=0x75;                  //2MS定时
 131   1              TL1=0x30;
 132   1              ET0=1;             //允许T0中断
 133   1              ET1=1;                     //允许T1中断
 134   1              TR1=1;                     //开启定时器
 135   1              EA=1;                      //开启总中断
 136   1          ena=1;
 137   1          enb=1;
 138   1          P1=0X00;
 139   1          
 140   1          while(S<70){
 141   2      
 142   2              
 143   2               while(!RX);            //当RX为零时等待
 144   2               TR0=1;                     //开启计数
 145   2               while(RX);                     //当RX为1计数并等待
 146   2               TR0=0;                         //关闭计数
 147   2           Conut();                   //计算
 148   2           P1=0X00;
 149   2           Delay(10000);
 150   2           P1=0X09;
 151   2           
 152   2           
 153   2           }
 154   1      
 155   1      
 156   1      
 157   1       while(S>=70)
 158   1              {
 159   2      
 160   2              
 161   2               while(!RX);            //当RX为零时等待
 162   2               TR0=1;                     //开启计数
 163   2               while(RX);                     //当RX为1计数并等待
 164   2               TR0=0;                         //关闭计数
 165   2           Conut();                   //计算
 166   2           P1=0X00;
 167   2           Delay(10000);
 168   2           P1=0X0B;
 169   2       
 170   2           }
 171   1       
 172   1       }               


MODULE INFORMATION:   STATIC OVERLAYABLE
   CODE SIZE        =    486    ----
   CONSTANT SIZE    =     10    ----
C51 COMPILER V9.01   CHAOSHEN                                                              08/21/2013 19:47:15 PAGE 4   

   XDATA SIZE       =   ----    ----
   PDATA SIZE       =   ----    ----
   DATA SIZE        =     15       4
   IDATA SIZE       =   ----    ----
   BIT SIZE         =      1    ----
END OF MODULE INFORMATION.


C51 COMPILATION COMPLETE.  0 WARNING(S),  0 ERROR(S)
