C51 COMPILER V9.01   CHAOSHENGBO5                                                          08/19/2013 17:07:44 PAGE 1   


C51 COMPILER V9.01, COMPILATION OF MODULE CHAOSHENGBO5
OBJECT MODULE PLACED IN chaoshengbo5.OBJ
COMPILER INVOKED BY: C:\Keil\C51\BIN\C51.EXE chaoshengbo5.c BROWSE DEBUG OBJECTEXTEND

line level    source

   1          #include <reg51.h> 
   2          #define uchar unsigned char 
   3          #define uint unsigned int 
   4          #define ulong unsigned long 
   5          int k=100,m,i,j;
   6          sbit p2_0 = P2^0;
   7          sbit p2_1 = P2^1;
   8          sbit p2_2 = P2^2;
   9          sbit p2_3 = P2^3;
  10          
  11          sbit Trig =P1^0; 
  12          sbit Echo =P1^1;
  13          sbit test =P1^7; ///指示灯
  14          
  15          
  16          uchar code table[]={0xc0,0xf9,0xa4,0xb0,0x99,0x92,0x82,
  17                                  0xf8,0x80,0x90}; 
  18          
  19          uchar flag,outcomeH,outcomeL,temp; 
  20          bit succeed_flag; 
  21          void delay(uint count)//延时
  22          { 
  23   1         uint i; 
  24   1         while(count) 
  25   1              {
  26   2                   i=200;
  27   2                       while(i>0) 
  28   2               i--;
  29   2               count--; 
  30   2              }    
  31   1      } 
  32          
  33          void delay_20us() //延时
  34          { 
  35   1         uchar bt ; 
  36   1         for(bt=0;bt<100;bt++); 
  37   1      } 
  38          
  39          
  40          void delay2( m)
  41          {
  42   1      for (i=m;i>0;i--)
  43   1      for(j=125;j>0;j--);
  44   1      }
  45          
  46          void display(uint distance_date) 
  47          { 
  48   1          uchar m,dm,cm,mm; 
  49   1              m=distance_date/1000;
  50   1          dm=distance_date%1000/100; 
  51   1          cm=distance_date%100/10;
  52   1          mm=distance_date%10; 
  53   1              while(k--)
  54   1              {
  55   2              p2_0=0;p2_1=1;p2_2=1;p2_3=1;
C51 COMPILER V9.01   CHAOSHENGBO5                                                          08/19/2013 17:07:44 PAGE 2   

  56   2                      P0 =table[m];
  57   2                      delay2(10);
  58   2                      P0=0x00;
  59   2                      
  60   2                      p2_0=1;p2_1=0;p2_2=1;p2_3=1;
  61   2                      P0 =table[dm];
  62   2                      delay2(10);
  63   2                      P0=0x00;
  64   2                      
  65   2                      p2_0=1;p2_1=1;p2_2=0;p2_3=1;
  66   2                      P0 =table[cm];
  67   2                      delay2(10);
  68   2                      P0=0x00;
  69   2                      
  70   2                      p2_0=1;p2_1=1;p2_2=1;p2_3=0;
  71   2                      P0 =table[mm];
  72   2                      delay2(10);
  73   2                      P0=0x00;
  74   2              
  75   2                      p2_3=1;
  76   2              delay2(8);
  77   2               }
  78   1      }
  79          
  80          void main(void)
  81          {  
  82   1              uint distance_data=0; 
  83   1              uchar a;
  84   1              float tem=0.17;
  85   1              flag=0;//标志位，1表示收到回波，0则未收到
  86   1              test=0;//控制灯闪烁 
  87   1              Trig=0; 
  88   1              TMOD=0x11; //对定时器1选择16位模式
  89   1              IT0=0; //设置触发方式为低电平触发
  90   1              IE0=0;
  91   1              EA=1; //开总中断        
  92   1              ET0=0; 
  93   1              TR0=0; 
  94   1              while(1) 
  95   1                      { 
  96   2                              EA=0; 
  97   2                              TH1=0;
  98   2                              TL1=0; 
  99   2                              Trig=1;//让Trig引脚为高电平
 100   2                              delay_20us();//延时20毫秒
 101   2                              Trig=0; //产生方波
 102   2                              while(Echo==0); //等待Echo变为低电平，即开始发送超声波
 103   2                              TR1=1;//开始计时
 104   2                              succeed_flag=0;
 105   2                              EX0=1; 
 106   2                              TF1=0; 
 107   2                              EA=1; 
 108   2                              while((TH1<25)&&(!IE0));//等待25毫秒或者中断产生（即收到回波）
 109   2                              TR1=0; //停止计时
 110   2                              EX0=0; //关闭中断
 111   2                              if(succeed_flag==1)//如果收到回波
 112   2                                      { 
 113   3                                              distance_data=outcomeH; //先保存高8位
 114   3                                              distance_data<<=8; //将高8位左移，低8位则全置0
 115   3                                              distance_data=distance_data|outcomeL;   //将高8位组成新的16位数据                               
 116   3                                              distance_data*=tem; 
 117   3                                              distance_data=distance_data*126000/120000; //代入晶振频率算出距离
C51 COMPILER V9.01   CHAOSHENGBO5                                                          08/19/2013 17:07:44 PAGE 3   

 118   3                                              for(a=300;a>0;a--)
 119   3                                                      {
 120   4                                                              display(distance_data);//现实距离
 121   4                                                      } 
 122   3                                      } 
 123   2                              if(succeed_flag==0) //如果没有收到回波
 124   2                                      { 
 125   3                                              distance_data=0; 
 126   3                                              display(distance_data);
 127   3                                              test = !test; 
 128   3                                      } 
 129   2                      } 
 130   1      } 
 131          
 132          INTO_() interrupt 0
 133          { 
 134   1              outcomeH =TH1; 
 135   1              outcomeL =TL1;
 136   1              succeed_flag=1; 
 137   1              EX0=0; 
 138   1      }


MODULE INFORMATION:   STATIC OVERLAYABLE
   CODE SIZE        =    461    ----
   CONSTANT SIZE    =     10    ----
   XDATA SIZE       =   ----    ----
   PDATA SIZE       =   ----    ----
   DATA SIZE        =     12       9
   IDATA SIZE       =   ----    ----
   BIT SIZE         =      1    ----
END OF MODULE INFORMATION.


C51 COMPILATION COMPLETE.  0 WARNING(S),  0 ERROR(S)
